[INFO] 16-09-2024 22:45:35 - Pass /samples/essays
[INFO] 16-09-2024 22:48:56 - /samples/essays Passed
[INFO] 16-09-2024 22:50:51 - /samples/essays Passed
[INFO] 16-09-2024 22:52:26 - /samples/essays Passed
[INFO] 16-09-2024 22:52:27 - /samples/essays created
[INFO] 16-09-2024 22:52:27 - /samples/discussion-post Passed
[INFO] 16-09-2024 22:52:27 - /samples/discussion-post created
[INFO] 16-09-2024 22:52:27 - /samples/critical-thinking Passed
[INFO] 16-09-2024 22:52:27 - /samples/critical-thinking created
[INFO] 16-09-2024 22:52:27 - /samples/term-papers Passed
[INFO] 16-09-2024 22:52:27 - /samples/term-papers created
[INFO] 16-09-2024 22:52:27 - /samples/homework Passed
[INFO] 16-09-2024 22:52:27 - /samples/homework created
[INFO] 16-09-2024 22:52:27 - /samples/research-papers Passed
[INFO] 16-09-2024 22:52:27 - /samples/research-papers created
[INFO] 16-09-2024 22:52:27 - /samples/research-proposal Passed
[INFO] 16-09-2024 22:52:27 - /samples/research-proposal created
[INFO] 16-09-2024 22:52:27 - /samples/personal-statement 
[INFO] 16-09-2024 22:52:38 - Pass /samples/personal-statement
[INFO] 16-09-2024 22:52:38 - /samples/powerpoint 
[INFO] 16-09-2024 22:52:51 - Pass /samples/powerpoint
[INFO] 16-09-2024 22:52:51 - /samples/speech 
[INFO] 16-09-2024 22:57:02 - /samples/essays created
[INFO] 16-09-2024 22:57:02 - /samples/discussion-post created
[INFO] 16-09-2024 22:57:02 - /samples/critical-thinking created
[INFO] 16-09-2024 22:57:02 - /samples/term-papers created
[INFO] 16-09-2024 22:57:02 - /samples/homework created
[INFO] 16-09-2024 22:57:02 - /samples/research-papers created
[INFO] 16-09-2024 22:57:03 - /samples/research-proposal created
[INFO] 16-09-2024 22:57:03 - /samples/personal-statement created
[INFO] 16-09-2024 22:57:03 - /samples/powerpoint created
[INFO] 16-09-2024 22:57:16 - Pass /samples/speech
[INFO] 16-09-2024 23:04:58 - /samples/essays created
[INFO] 16-09-2024 23:04:58 - /samples/discussion-post created
[INFO] 16-09-2024 23:04:58 - /samples/critical-thinking created
[INFO] 16-09-2024 23:04:58 - /samples/term-papers created
[INFO] 16-09-2024 23:04:58 - /samples/homework created
[INFO] 16-09-2024 23:04:58 - /samples/research-papers created
[INFO] 16-09-2024 23:04:59 - /samples/research-proposal created
[INFO] 16-09-2024 23:04:59 - /samples/personal-statement created
[INFO] 16-09-2024 23:04:59 - /samples/powerpoint created
[INFO] 16-09-2024 23:04:59 - /samples/speech created
[INFO] 16-09-2024 23:08:50 - /samples/essays created
[INFO] 16-09-2024 23:08:50 - /samples/discussion-post created
[INFO] 16-09-2024 23:08:50 - /samples/critical-thinking created
[INFO] 16-09-2024 23:08:50 - /samples/term-papers created
[INFO] 16-09-2024 23:08:50 - /samples/homework created
[INFO] 16-09-2024 23:08:50 - /samples/research-papers created
[INFO] 16-09-2024 23:08:50 - /samples/research-proposal created
[INFO] 16-09-2024 23:08:50 - /samples/personal-statement created
[INFO] 16-09-2024 23:08:50 - /samples/powerpoint created
[INFO] 16-09-2024 23:08:50 - /samples/speech created
[INFO] 16-09-2024 23:09:10 - Pass /samples/lab-report
[INFO] 16-09-2024 23:09:21 - Pass /samples/lesson-plan
[INFO] 16-09-2024 23:09:33 - Pass /samples/nursing-care-plan
[INFO] 16-09-2024 23:46:53 - /samples/essays created
[INFO] 16-09-2024 23:46:53 - /samples/discussion-post created
[INFO] 16-09-2024 23:46:53 - /samples/critical-thinking created
[INFO] 16-09-2024 23:46:53 - /samples/term-papers created
[INFO] 16-09-2024 23:46:53 - /samples/homework created
[INFO] 16-09-2024 23:46:53 - /samples/research-papers created
[INFO] 16-09-2024 23:46:53 - /samples/research-proposal created
[INFO] 16-09-2024 23:46:53 - /samples/personal-statement created
[INFO] 16-09-2024 23:46:53 - /samples/powerpoint created
[INFO] 16-09-2024 23:46:53 - /samples/speech created
[INFO] 16-09-2024 23:46:54 - /samples/lab-report created
[INFO] 16-09-2024 23:46:54 - /samples/lesson-plan created
[INFO] 16-09-2024 23:46:54 - /samples/nursing-care-plan created
[INFO] 16-09-2024 23:47:37 - /samples/essays created
[INFO] 16-09-2024 23:47:37 - /samples/discussion-post created
[INFO] 16-09-2024 23:47:37 - /samples/critical-thinking created
[INFO] 16-09-2024 23:47:38 - /samples/term-papers created
[INFO] 16-09-2024 23:47:38 - /samples/homework created
[INFO] 16-09-2024 23:47:38 - /samples/research-papers created
[INFO] 16-09-2024 23:47:38 - /samples/research-proposal created
[INFO] 16-09-2024 23:47:38 - /samples/personal-statement created
[INFO] 16-09-2024 23:47:38 - /samples/powerpoint created
[INFO] 16-09-2024 23:47:38 - /samples/speech created
[INFO] 16-09-2024 23:47:38 - /samples/lab-report created
[INFO] 16-09-2024 23:47:38 - /samples/lesson-plan created
[INFO] 16-09-2024 23:47:38 - /samples/nursing-care-plan created
[INFO] 16-09-2024 23:51:32 - /samples/essays created
[INFO] 16-09-2024 23:51:32 - /samples/discussion-post created
[INFO] 16-09-2024 23:51:32 - /samples/critical-thinking created
[INFO] 16-09-2024 23:51:33 - /samples/term-papers created
[INFO] 16-09-2024 23:51:33 - /samples/homework created
[INFO] 16-09-2024 23:51:33 - /samples/research-papers created
[INFO] 16-09-2024 23:51:33 - /samples/research-proposal created
[INFO] 16-09-2024 23:51:33 - /samples/personal-statement created
[INFO] 16-09-2024 23:51:33 - /samples/powerpoint created
[INFO] 16-09-2024 23:51:33 - /samples/speech created
[INFO] 16-09-2024 23:51:33 - /samples/lab-report created
[INFO] 16-09-2024 23:51:33 - /samples/lesson-plan created
[INFO] 16-09-2024 23:51:33 - /samples/nursing-care-plan created
[INFO] 16-09-2024 23:51:44 - Pass /samples/epq
[INFO] 16-09-2024 23:51:55 - Pass /samples/epq
[INFO] 16-09-2024 23:52:06 - Pass /samples/question-answer
[INFO] 17-09-2024 00:11:13 - /samples/essays created
[INFO] 17-09-2024 00:11:14 - /samples/discussion-post created
[INFO] 17-09-2024 00:11:14 - /samples/critical-thinking created
[INFO] 17-09-2024 00:11:14 - /samples/term-papers created
[INFO] 17-09-2024 00:11:14 - /samples/homework created
[INFO] 17-09-2024 00:11:14 - /samples/research-papers created
[INFO] 17-09-2024 00:11:14 - /samples/research-proposal created
[INFO] 17-09-2024 00:11:14 - /samples/personal-statement created
[INFO] 17-09-2024 00:11:14 - /samples/powerpoint created
[INFO] 17-09-2024 00:11:14 - /samples/speech created
[INFO] 17-09-2024 00:11:14 - /samples/lab-report created
[INFO] 17-09-2024 00:11:14 - /samples/lesson-plan created
[INFO] 17-09-2024 00:11:14 - /samples/nursing-care-plan created
[INFO] 17-09-2024 00:11:14 - /samples/epq created
[INFO] 17-09-2024 00:11:14 - /samples/epq created
[INFO] 17-09-2024 00:11:14 - /samples/question-answer created
[INFO] 17-09-2024 00:15:51 - Pass /samples
[INFO] 17-09-2024 00:40:40 - hihi
[INFO] 17-09-2024 00:41:21 - hihi
[INFO] 17-09-2024 00:42:50 - hihi
