[INFO] 17-09-2024 00:34:12 - Critical reading log of two article /samples/essay/gender-studies
[INFO] 17-09-2024 00:34:17 - New Job Opportunities in the Age of Artificial Intelligence /samples/essay/persuasive-essay
[INFO] 17-09-2024 00:34:22 - MBA application essay /samples/essay/mba-application
[INFO] 17-09-2024 00:35:02 - Critical reading log of two article /samples/essay/gender-studies
[INFO] 17-09-2024 00:35:07 - New Job Opportunities in the Age of Artificial Intelligence /samples/essay/persuasive-essay
[INFO] 17-09-2024 00:35:12 - MBA application essay /samples/essay/mba-application
[INFO] 17-09-2024 00:35:18 - The Tells Teeth Tale /samples/essay/anthropology
[INFO] 17-09-2024 00:35:23 - Human Trafficking /samples/essay/criminal-law
[INFO] 17-09-2024 00:35:28 - The Role of Genetics in Mental Health /samples/discussion-post/health-care
[INFO] 17-09-2024 00:35:34 - Analysis of History /discussion-post/history
[INFO] 17-09-2024 00:35:39 - Psychological Benefits of Breastfeeding /samples/discussion-post/statistics
[INFO] 17-09-2024 00:35:44 - Criminal law /samples/critical-thinking/criminal-law
[INFO] 17-09-2024 00:35:50 - Culture & society /samples/critical-thinking/culture-and-society
[INFO] 17-09-2024 00:35:55 - Correction processes /samples/term-paper/criminal-law
[INFO] 17-09-2024 00:36:01 - Dataset Statistical Analysis and Interpretation /samples/homework/statistics
[INFO] 17-09-2024 00:36:06 - Ethical Principles in Educational Testing /samples/research-paper/apa
[INFO] 17-09-2024 00:36:12 - The Gun Control Debate in the U.S. /samples/research-paper/gun-control
[INFO] 17-09-2024 00:36:17 - Factors influencing management practices in contemporary business world /samples/research-paper/business-managment
[INFO] 17-09-2024 00:36:23 - The impact of digital communication on psychological well-being /samples/research-proposal/phd
[INFO] 17-09-2024 00:36:28 - To what extent can Apple expand its distribution networks to increase market share and competitive advantage? /samples/research-proposal/mla
[INFO] 17-09-2024 00:36:33 - Personal statement /samples/personal-statement/medicine
[INFO] 17-09-2024 00:36:39 - Baltimore PD Corruption VS New Orleans PD Corruption /samples/powerpoint-presentation/powerpoint-presentation-apa
[INFO] 17-09-2024 00:36:44 - Graduation speech A /samples/speech/graduation
[INFO] 17-09-2024 00:36:50 - Graduation speech B /samples/speech/high-school
[INFO] 17-09-2024 00:36:55 - How does the change in the concentration of phenolphthalein affect its absorbance /samples/lab-report/spectrophotometry-lab
[INFO] 17-09-2024 00:37:00 - Determination of the Equilibrium Constant for a Chemical Reaction /samples/lab-report/chemistry
[INFO] 17-09-2024 00:37:06 - Ohms Law /samples/lab-report/physics
[INFO] 17-09-2024 00:37:11 - How does carbon (IV) oxide concentration affect the rate of photosynthesis? /samples/lab-report/biology
[INFO] 17-09-2024 00:37:17 - Optimism Scale Development /samples/lab-report/statistics
[INFO] 17-09-2024 00:37:22 - SIOP Lesson plan /samples/lesson-plan/education
[INFO] 17-09-2024 00:37:27 - Nursing care plan /samples/nursing-plan/nursing
[INFO] 17-09-2024 00:37:33 - The Progressive Evolutionary Impact of Turing Test into Modern Progressive AI and Machine Learning A /samples/epq-essay/essay
[INFO] 17-09-2024 00:37:38 - The Progressive Evolutionary Impact of Turing Test into Modern Progressive AI and Machine Learning B /samples/epq-presentation/presentation
[INFO] 17-09-2024 00:37:44 - Personality Development /samples/question-answer/psychology
[INFO] 17-09-2024 00:40:40 - haha
[INFO] 17-09-2024 00:41:21 - haha
[INFO] 17-09-2024 00:42:50 - haha
